Determining if the pthread_create exist failed with the following output:
Change Dir: /home/pi/catkin_ws_1/build_isolated/rqt_dr_single/CMakeFiles/CMakeTmp

Run Build Command:"/usr/bin/make" "cmTC_42cef/fast"
/usr/bin/make -f CMakeFiles/cmTC_42cef.dir/build.make CMakeFiles/cmTC_42cef.dir/build
make[1]: Entering directory '/home/pi/catkin_ws_1/build_isolated/rqt_dr_single/CMakeFiles/CMakeTmp'
Building C object CMakeFiles/cmTC_42cef.dir/CheckSymbolExists.c.o
/usr/bin/cc     -o CMakeFiles/cmTC_42cef.dir/CheckSymbolExists.c.o   -c /home/pi/catkin_ws_1/build_isolated/rqt_dr_single/CMakeFiles/CMakeTmp/CheckSymbolExists.c
Linking C executable cmTC_42cef
/usr/bin/cmake -E cmake_link_script CMakeFiles/cmTC_42cef.dir/link.txt --verbose=1
/usr/bin/cc       CMakeFiles/cmTC_42cef.dir/CheckSymbolExists.c.o  -o cmTC_42cef -rdynamic 
CMakeFiles/cmTC_42cef.dir/CheckSymbolExists.c.o: In function `main':
CheckSymbolExists.c:(.text+0x38): undefined reference to `pthread_create'
collect2: error: ld returned 1 exit status
CMakeFiles/cmTC_42cef.dir/build.make:97: recipe for target 'cmTC_42cef' failed
make[1]: *** [cmTC_42cef] Error 1
make[1]: Leaving directory '/home/pi/catkin_ws_1/build_isolated/rqt_dr_single/CMakeFiles/CMakeTmp'
Makefile:126: recipe for target 'cmTC_42cef/fast' failed
make: *** [cmTC_42cef/fast] Error 2

File /home/pi/catkin_ws_1/build_isolated/rqt_dr_single/CMakeFiles/CMakeTmp/CheckSymbolExists.c:
/* */
#include <pthread.h>

int main(int argc, char** argv)
{
  (void)argv;
#ifndef pthread_create
  return ((int*)(&pthread_create))[argc];
#else
  (void)argc;
  return 0;
#endif
}

Determining if the function pthread_create exists in the pthreads failed with the following output:
Change Dir: /home/pi/catkin_ws_1/build_isolated/rqt_dr_single/CMakeFiles/CMakeTmp

Run Build Command:"/usr/bin/make" "cmTC_b0446/fast"
/usr/bin/make -f CMakeFiles/cmTC_b0446.dir/build.make CMakeFiles/cmTC_b0446.dir/build
make[1]: Entering directory '/home/pi/catkin_ws_1/build_isolated/rqt_dr_single/CMakeFiles/CMakeTmp'
Building C object CMakeFiles/cmTC_b0446.dir/CheckFunctionExists.c.o
/usr/bin/cc    -DCHECK_FUNCTION_EXISTS=pthread_create   -o CMakeFiles/cmTC_b0446.dir/CheckFunctionExists.c.o   -c /usr/share/cmake-3.7/Modules/CheckFunctionExists.c
Linking C executable cmTC_b0446
/usr/bin/cmake -E cmake_link_script CMakeFiles/cmTC_b0446.dir/link.txt --verbose=1
/usr/bin/cc   -DCHECK_FUNCTION_EXISTS=pthread_create    CMakeFiles/cmTC_b0446.dir/CheckFunctionExists.c.o  -o cmTC_b0446 -rdynamic -lpthreads 
/usr/bin/ld: cannot find -lpthreads
collect2: error: ld returned 1 exit status
CMakeFiles/cmTC_b0446.dir/build.make:97: recipe for target 'cmTC_b0446' failed
make[1]: *** [cmTC_b0446] Error 1
make[1]: Leaving directory '/home/pi/catkin_ws_1/build_isolated/rqt_dr_single/CMakeFiles/CMakeTmp'
Makefile:126: recipe for target 'cmTC_b0446/fast' failed
make: *** [cmTC_b0446/fast] Error 2


