Determining if the pthread_create exist failed with the following output:
Change Dir: /home/pi/catkin_ws_1/build_isolated/my_laser_matcher/CMakeFiles/CMakeTmp

Run Build Command:"/usr/bin/make" "cmTC_d9133/fast"
/usr/bin/make -f CMakeFiles/cmTC_d9133.dir/build.make CMakeFiles/cmTC_d9133.dir/build
make[1]: Entering directory '/home/pi/catkin_ws_1/build_isolated/my_laser_matcher/CMakeFiles/CMakeTmp'
Building C object CMakeFiles/cmTC_d9133.dir/CheckSymbolExists.c.o
/usr/bin/cc     -o CMakeFiles/cmTC_d9133.dir/CheckSymbolExists.c.o   -c /home/pi/catkin_ws_1/build_isolated/my_laser_matcher/CMakeFiles/CMakeTmp/CheckSymbolExists.c
Linking C executable cmTC_d9133
/usr/bin/cmake -E cmake_link_script CMakeFiles/cmTC_d9133.dir/link.txt --verbose=1
/usr/bin/cc       CMakeFiles/cmTC_d9133.dir/CheckSymbolExists.c.o  -o cmTC_d9133 -rdynamic 
CMakeFiles/cmTC_d9133.dir/CheckSymbolExists.c.o: In function `main':
CheckSymbolExists.c:(.text+0x38): undefined reference to `pthread_create'
collect2: error: ld returned 1 exit status
CMakeFiles/cmTC_d9133.dir/build.make:97: recipe for target 'cmTC_d9133' failed
make[1]: *** [cmTC_d9133] Error 1
make[1]: Leaving directory '/home/pi/catkin_ws_1/build_isolated/my_laser_matcher/CMakeFiles/CMakeTmp'
Makefile:126: recipe for target 'cmTC_d9133/fast' failed
make: *** [cmTC_d9133/fast] Error 2

File /home/pi/catkin_ws_1/build_isolated/my_laser_matcher/CMakeFiles/CMakeTmp/CheckSymbolExists.c:
/* */
#include <pthread.h>

int main(int argc, char** argv)
{
  (void)argv;
#ifndef pthread_create
  return ((int*)(&pthread_create))[argc];
#else
  (void)argc;
  return 0;
#endif
}

Determining if the function pthread_create exists in the pthreads failed with the following output:
Change Dir: /home/pi/catkin_ws_1/build_isolated/my_laser_matcher/CMakeFiles/CMakeTmp

Run Build Command:"/usr/bin/make" "cmTC_4908b/fast"
/usr/bin/make -f CMakeFiles/cmTC_4908b.dir/build.make CMakeFiles/cmTC_4908b.dir/build
make[1]: Entering directory '/home/pi/catkin_ws_1/build_isolated/my_laser_matcher/CMakeFiles/CMakeTmp'
Building C object CMakeFiles/cmTC_4908b.dir/CheckFunctionExists.c.o
/usr/bin/cc    -DCHECK_FUNCTION_EXISTS=pthread_create   -o CMakeFiles/cmTC_4908b.dir/CheckFunctionExists.c.o   -c /usr/share/cmake-3.7/Modules/CheckFunctionExists.c
Linking C executable cmTC_4908b
/usr/bin/cmake -E cmake_link_script CMakeFiles/cmTC_4908b.dir/link.txt --verbose=1
/usr/bin/cc   -DCHECK_FUNCTION_EXISTS=pthread_create    CMakeFiles/cmTC_4908b.dir/CheckFunctionExists.c.o  -o cmTC_4908b -rdynamic -lpthreads 
/usr/bin/ld: cannot find -lpthreads
collect2: error: ld returned 1 exit status
CMakeFiles/cmTC_4908b.dir/build.make:97: recipe for target 'cmTC_4908b' failed
make[1]: *** [cmTC_4908b] Error 1
make[1]: Leaving directory '/home/pi/catkin_ws_1/build_isolated/my_laser_matcher/CMakeFiles/CMakeTmp'
Makefile:126: recipe for target 'cmTC_4908b/fast' failed
make: *** [cmTC_4908b/fast] Error 2


