Determining if the pthread_create exist failed with the following output:
Change Dir: /home/pi/catkin_ws_1/build_isolated/teleop_twist_joy/CMakeFiles/CMakeTmp

Run Build Command:"/usr/bin/make" "cmTC_394f7/fast"
/usr/bin/make -f CMakeFiles/cmTC_394f7.dir/build.make CMakeFiles/cmTC_394f7.dir/build
make[1]: Entering directory '/home/pi/catkin_ws_1/build_isolated/teleop_twist_joy/CMakeFiles/CMakeTmp'
Building C object CMakeFiles/cmTC_394f7.dir/CheckSymbolExists.c.o
/usr/bin/cc     -o CMakeFiles/cmTC_394f7.dir/CheckSymbolExists.c.o   -c /home/pi/catkin_ws_1/build_isolated/teleop_twist_joy/CMakeFiles/CMakeTmp/CheckSymbolExists.c
Linking C executable cmTC_394f7
/usr/bin/cmake -E cmake_link_script CMakeFiles/cmTC_394f7.dir/link.txt --verbose=1
/usr/bin/cc       CMakeFiles/cmTC_394f7.dir/CheckSymbolExists.c.o  -o cmTC_394f7 -rdynamic 
CMakeFiles/cmTC_394f7.dir/CheckSymbolExists.c.o: In function `main':
CheckSymbolExists.c:(.text+0x38): undefined reference to `pthread_create'
collect2: error: ld returned 1 exit status
CMakeFiles/cmTC_394f7.dir/build.make:97: recipe for target 'cmTC_394f7' failed
make[1]: *** [cmTC_394f7] Error 1
make[1]: Leaving directory '/home/pi/catkin_ws_1/build_isolated/teleop_twist_joy/CMakeFiles/CMakeTmp'
Makefile:126: recipe for target 'cmTC_394f7/fast' failed
make: *** [cmTC_394f7/fast] Error 2

File /home/pi/catkin_ws_1/build_isolated/teleop_twist_joy/CMakeFiles/CMakeTmp/CheckSymbolExists.c:
/* */
#include <pthread.h>

int main(int argc, char** argv)
{
  (void)argv;
#ifndef pthread_create
  return ((int*)(&pthread_create))[argc];
#else
  (void)argc;
  return 0;
#endif
}

Determining if the function pthread_create exists in the pthreads failed with the following output:
Change Dir: /home/pi/catkin_ws_1/build_isolated/teleop_twist_joy/CMakeFiles/CMakeTmp

Run Build Command:"/usr/bin/make" "cmTC_7551e/fast"
/usr/bin/make -f CMakeFiles/cmTC_7551e.dir/build.make CMakeFiles/cmTC_7551e.dir/build
make[1]: Entering directory '/home/pi/catkin_ws_1/build_isolated/teleop_twist_joy/CMakeFiles/CMakeTmp'
Building C object CMakeFiles/cmTC_7551e.dir/CheckFunctionExists.c.o
/usr/bin/cc    -DCHECK_FUNCTION_EXISTS=pthread_create   -o CMakeFiles/cmTC_7551e.dir/CheckFunctionExists.c.o   -c /usr/share/cmake-3.7/Modules/CheckFunctionExists.c
Linking C executable cmTC_7551e
/usr/bin/cmake -E cmake_link_script CMakeFiles/cmTC_7551e.dir/link.txt --verbose=1
/usr/bin/cc   -DCHECK_FUNCTION_EXISTS=pthread_create    CMakeFiles/cmTC_7551e.dir/CheckFunctionExists.c.o  -o cmTC_7551e -rdynamic -lpthreads 
/usr/bin/ld: cannot find -lpthreads
collect2: error: ld returned 1 exit status
CMakeFiles/cmTC_7551e.dir/build.make:97: recipe for target 'cmTC_7551e' failed
make[1]: *** [cmTC_7551e] Error 1
make[1]: Leaving directory '/home/pi/catkin_ws_1/build_isolated/teleop_twist_joy/CMakeFiles/CMakeTmp'
Makefile:126: recipe for target 'cmTC_7551e/fast' failed
make: *** [cmTC_7551e/fast] Error 2


