Determining if the pthread_create exist failed with the following output:
Change Dir: /home/pi/catkin_ws_1/build_isolated/polled_camera/CMakeFiles/CMakeTmp

Run Build Command:"/usr/bin/make" "cmTC_d40be/fast"
/usr/bin/make -f CMakeFiles/cmTC_d40be.dir/build.make CMakeFiles/cmTC_d40be.dir/build
make[1]: Entering directory '/home/pi/catkin_ws_1/build_isolated/polled_camera/CMakeFiles/CMakeTmp'
Building C object CMakeFiles/cmTC_d40be.dir/CheckSymbolExists.c.o
/usr/bin/cc     -o CMakeFiles/cmTC_d40be.dir/CheckSymbolExists.c.o   -c /home/pi/catkin_ws_1/build_isolated/polled_camera/CMakeFiles/CMakeTmp/CheckSymbolExists.c
Linking C executable cmTC_d40be
/usr/bin/cmake -E cmake_link_script CMakeFiles/cmTC_d40be.dir/link.txt --verbose=1
/usr/bin/cc       CMakeFiles/cmTC_d40be.dir/CheckSymbolExists.c.o  -o cmTC_d40be -rdynamic 
CMakeFiles/cmTC_d40be.dir/CheckSymbolExists.c.o: In function `main':
CheckSymbolExists.c:(.text+0x38): undefined reference to `pthread_create'
collect2: error: ld returned 1 exit status
CMakeFiles/cmTC_d40be.dir/build.make:97: recipe for target 'cmTC_d40be' failed
make[1]: *** [cmTC_d40be] Error 1
make[1]: Leaving directory '/home/pi/catkin_ws_1/build_isolated/polled_camera/CMakeFiles/CMakeTmp'
Makefile:126: recipe for target 'cmTC_d40be/fast' failed
make: *** [cmTC_d40be/fast] Error 2

File /home/pi/catkin_ws_1/build_isolated/polled_camera/CMakeFiles/CMakeTmp/CheckSymbolExists.c:
/* */
#include <pthread.h>

int main(int argc, char** argv)
{
  (void)argv;
#ifndef pthread_create
  return ((int*)(&pthread_create))[argc];
#else
  (void)argc;
  return 0;
#endif
}

Determining if the function pthread_create exists in the pthreads failed with the following output:
Change Dir: /home/pi/catkin_ws_1/build_isolated/polled_camera/CMakeFiles/CMakeTmp

Run Build Command:"/usr/bin/make" "cmTC_64701/fast"
/usr/bin/make -f CMakeFiles/cmTC_64701.dir/build.make CMakeFiles/cmTC_64701.dir/build
make[1]: Entering directory '/home/pi/catkin_ws_1/build_isolated/polled_camera/CMakeFiles/CMakeTmp'
Building C object CMakeFiles/cmTC_64701.dir/CheckFunctionExists.c.o
/usr/bin/cc    -DCHECK_FUNCTION_EXISTS=pthread_create   -o CMakeFiles/cmTC_64701.dir/CheckFunctionExists.c.o   -c /usr/share/cmake-3.7/Modules/CheckFunctionExists.c
Linking C executable cmTC_64701
/usr/bin/cmake -E cmake_link_script CMakeFiles/cmTC_64701.dir/link.txt --verbose=1
/usr/bin/cc   -DCHECK_FUNCTION_EXISTS=pthread_create    CMakeFiles/cmTC_64701.dir/CheckFunctionExists.c.o  -o cmTC_64701 -rdynamic -lpthreads 
/usr/bin/ld: cannot find -lpthreads
collect2: error: ld returned 1 exit status
CMakeFiles/cmTC_64701.dir/build.make:97: recipe for target 'cmTC_64701' failed
make[1]: *** [cmTC_64701] Error 1
make[1]: Leaving directory '/home/pi/catkin_ws_1/build_isolated/polled_camera/CMakeFiles/CMakeTmp'
Makefile:126: recipe for target 'cmTC_64701/fast' failed
make: *** [cmTC_64701/fast] Error 2


