Determining if the pthread_create exist failed with the following output:
Change Dir: /home/pi/catkin_ws_1/build_isolated/camera_info_manager_py/CMakeFiles/CMakeTmp

Run Build Command:"/usr/bin/make" "cmTC_166ac/fast"
/usr/bin/make -f CMakeFiles/cmTC_166ac.dir/build.make CMakeFiles/cmTC_166ac.dir/build
make[1]: Entering directory '/home/pi/catkin_ws_1/build_isolated/camera_info_manager_py/CMakeFiles/CMakeTmp'
Building C object CMakeFiles/cmTC_166ac.dir/CheckSymbolExists.c.o
/usr/bin/cc     -o CMakeFiles/cmTC_166ac.dir/CheckSymbolExists.c.o   -c /home/pi/catkin_ws_1/build_isolated/camera_info_manager_py/CMakeFiles/CMakeTmp/CheckSymbolExists.c
Linking C executable cmTC_166ac
/usr/bin/cmake -E cmake_link_script CMakeFiles/cmTC_166ac.dir/link.txt --verbose=1
/usr/bin/cc       CMakeFiles/cmTC_166ac.dir/CheckSymbolExists.c.o  -o cmTC_166ac -rdynamic 
CMakeFiles/cmTC_166ac.dir/CheckSymbolExists.c.o: In function `main':
CheckSymbolExists.c:(.text+0x38): undefined reference to `pthread_create'
collect2: error: ld returned 1 exit status
CMakeFiles/cmTC_166ac.dir/build.make:97: recipe for target 'cmTC_166ac' failed
make[1]: *** [cmTC_166ac] Error 1
make[1]: Leaving directory '/home/pi/catkin_ws_1/build_isolated/camera_info_manager_py/CMakeFiles/CMakeTmp'
Makefile:126: recipe for target 'cmTC_166ac/fast' failed
make: *** [cmTC_166ac/fast] Error 2

File /home/pi/catkin_ws_1/build_isolated/camera_info_manager_py/CMakeFiles/CMakeTmp/CheckSymbolExists.c:
/* */
#include <pthread.h>

int main(int argc, char** argv)
{
  (void)argv;
#ifndef pthread_create
  return ((int*)(&pthread_create))[argc];
#else
  (void)argc;
  return 0;
#endif
}

Determining if the function pthread_create exists in the pthreads failed with the following output:
Change Dir: /home/pi/catkin_ws_1/build_isolated/camera_info_manager_py/CMakeFiles/CMakeTmp

Run Build Command:"/usr/bin/make" "cmTC_140ab/fast"
/usr/bin/make -f CMakeFiles/cmTC_140ab.dir/build.make CMakeFiles/cmTC_140ab.dir/build
make[1]: Entering directory '/home/pi/catkin_ws_1/build_isolated/camera_info_manager_py/CMakeFiles/CMakeTmp'
Building C object CMakeFiles/cmTC_140ab.dir/CheckFunctionExists.c.o
/usr/bin/cc    -DCHECK_FUNCTION_EXISTS=pthread_create   -o CMakeFiles/cmTC_140ab.dir/CheckFunctionExists.c.o   -c /usr/share/cmake-3.7/Modules/CheckFunctionExists.c
Linking C executable cmTC_140ab
/usr/bin/cmake -E cmake_link_script CMakeFiles/cmTC_140ab.dir/link.txt --verbose=1
/usr/bin/cc   -DCHECK_FUNCTION_EXISTS=pthread_create    CMakeFiles/cmTC_140ab.dir/CheckFunctionExists.c.o  -o cmTC_140ab -rdynamic -lpthreads 
/usr/bin/ld: cannot find -lpthreads
collect2: error: ld returned 1 exit status
CMakeFiles/cmTC_140ab.dir/build.make:97: recipe for target 'cmTC_140ab' failed
make[1]: *** [cmTC_140ab] Error 1
make[1]: Leaving directory '/home/pi/catkin_ws_1/build_isolated/camera_info_manager_py/CMakeFiles/CMakeTmp'
Makefile:126: recipe for target 'cmTC_140ab/fast' failed
make: *** [cmTC_140ab/fast] Error 2


