Determining if the pthread_create exist failed with the following output:
Change Dir: /home/pi/catkin_ws_1/build_isolated/rosserial_vex_cortex/CMakeFiles/CMakeTmp

Run Build Command:"/usr/bin/make" "cmTC_26216/fast"
/usr/bin/make -f CMakeFiles/cmTC_26216.dir/build.make CMakeFiles/cmTC_26216.dir/build
make[1]: Entering directory '/home/pi/catkin_ws_1/build_isolated/rosserial_vex_cortex/CMakeFiles/CMakeTmp'
Building C object CMakeFiles/cmTC_26216.dir/CheckSymbolExists.c.o
/usr/bin/cc     -o CMakeFiles/cmTC_26216.dir/CheckSymbolExists.c.o   -c /home/pi/catkin_ws_1/build_isolated/rosserial_vex_cortex/CMakeFiles/CMakeTmp/CheckSymbolExists.c
Linking C executable cmTC_26216
/usr/bin/cmake -E cmake_link_script CMakeFiles/cmTC_26216.dir/link.txt --verbose=1
/usr/bin/cc       CMakeFiles/cmTC_26216.dir/CheckSymbolExists.c.o  -o cmTC_26216 -rdynamic 
CMakeFiles/cmTC_26216.dir/CheckSymbolExists.c.o: In function `main':
CheckSymbolExists.c:(.text+0x38): undefined reference to `pthread_create'
collect2: error: ld returned 1 exit status
CMakeFiles/cmTC_26216.dir/build.make:97: recipe for target 'cmTC_26216' failed
make[1]: *** [cmTC_26216] Error 1
make[1]: Leaving directory '/home/pi/catkin_ws_1/build_isolated/rosserial_vex_cortex/CMakeFiles/CMakeTmp'
Makefile:126: recipe for target 'cmTC_26216/fast' failed
make: *** [cmTC_26216/fast] Error 2

File /home/pi/catkin_ws_1/build_isolated/rosserial_vex_cortex/CMakeFiles/CMakeTmp/CheckSymbolExists.c:
/* */
#include <pthread.h>

int main(int argc, char** argv)
{
  (void)argv;
#ifndef pthread_create
  return ((int*)(&pthread_create))[argc];
#else
  (void)argc;
  return 0;
#endif
}

Determining if the function pthread_create exists in the pthreads failed with the following output:
Change Dir: /home/pi/catkin_ws_1/build_isolated/rosserial_vex_cortex/CMakeFiles/CMakeTmp

Run Build Command:"/usr/bin/make" "cmTC_404c4/fast"
/usr/bin/make -f CMakeFiles/cmTC_404c4.dir/build.make CMakeFiles/cmTC_404c4.dir/build
make[1]: Entering directory '/home/pi/catkin_ws_1/build_isolated/rosserial_vex_cortex/CMakeFiles/CMakeTmp'
Building C object CMakeFiles/cmTC_404c4.dir/CheckFunctionExists.c.o
/usr/bin/cc    -DCHECK_FUNCTION_EXISTS=pthread_create   -o CMakeFiles/cmTC_404c4.dir/CheckFunctionExists.c.o   -c /usr/share/cmake-3.7/Modules/CheckFunctionExists.c
Linking C executable cmTC_404c4
/usr/bin/cmake -E cmake_link_script CMakeFiles/cmTC_404c4.dir/link.txt --verbose=1
/usr/bin/cc   -DCHECK_FUNCTION_EXISTS=pthread_create    CMakeFiles/cmTC_404c4.dir/CheckFunctionExists.c.o  -o cmTC_404c4 -rdynamic -lpthreads 
/usr/bin/ld: cannot find -lpthreads
collect2: error: ld returned 1 exit status
CMakeFiles/cmTC_404c4.dir/build.make:97: recipe for target 'cmTC_404c4' failed
make[1]: *** [cmTC_404c4] Error 1
make[1]: Leaving directory '/home/pi/catkin_ws_1/build_isolated/rosserial_vex_cortex/CMakeFiles/CMakeTmp'
Makefile:126: recipe for target 'cmTC_404c4/fast' failed
make: *** [cmTC_404c4/fast] Error 2


