Determining if the pthread_create exist failed with the following output:
Change Dir: /home/pi/catkin_ws_1/build_isolated/rosserial_chibios/CMakeFiles/CMakeTmp

Run Build Command:"/usr/bin/make" "cmTC_ac41f/fast"
/usr/bin/make -f CMakeFiles/cmTC_ac41f.dir/build.make CMakeFiles/cmTC_ac41f.dir/build
make[1]: Entering directory '/home/pi/catkin_ws_1/build_isolated/rosserial_chibios/CMakeFiles/CMakeTmp'
Building C object CMakeFiles/cmTC_ac41f.dir/CheckSymbolExists.c.o
/usr/bin/cc     -o CMakeFiles/cmTC_ac41f.dir/CheckSymbolExists.c.o   -c /home/pi/catkin_ws_1/build_isolated/rosserial_chibios/CMakeFiles/CMakeTmp/CheckSymbolExists.c
Linking C executable cmTC_ac41f
/usr/bin/cmake -E cmake_link_script CMakeFiles/cmTC_ac41f.dir/link.txt --verbose=1
/usr/bin/cc       CMakeFiles/cmTC_ac41f.dir/CheckSymbolExists.c.o  -o cmTC_ac41f -rdynamic 
CMakeFiles/cmTC_ac41f.dir/CheckSymbolExists.c.o: In function `main':
CheckSymbolExists.c:(.text+0x38): undefined reference to `pthread_create'
collect2: error: ld returned 1 exit status
CMakeFiles/cmTC_ac41f.dir/build.make:97: recipe for target 'cmTC_ac41f' failed
make[1]: *** [cmTC_ac41f] Error 1
make[1]: Leaving directory '/home/pi/catkin_ws_1/build_isolated/rosserial_chibios/CMakeFiles/CMakeTmp'
Makefile:126: recipe for target 'cmTC_ac41f/fast' failed
make: *** [cmTC_ac41f/fast] Error 2

File /home/pi/catkin_ws_1/build_isolated/rosserial_chibios/CMakeFiles/CMakeTmp/CheckSymbolExists.c:
/* */
#include <pthread.h>

int main(int argc, char** argv)
{
  (void)argv;
#ifndef pthread_create
  return ((int*)(&pthread_create))[argc];
#else
  (void)argc;
  return 0;
#endif
}

Determining if the function pthread_create exists in the pthreads failed with the following output:
Change Dir: /home/pi/catkin_ws_1/build_isolated/rosserial_chibios/CMakeFiles/CMakeTmp

Run Build Command:"/usr/bin/make" "cmTC_c93b6/fast"
/usr/bin/make -f CMakeFiles/cmTC_c93b6.dir/build.make CMakeFiles/cmTC_c93b6.dir/build
make[1]: Entering directory '/home/pi/catkin_ws_1/build_isolated/rosserial_chibios/CMakeFiles/CMakeTmp'
Building C object CMakeFiles/cmTC_c93b6.dir/CheckFunctionExists.c.o
/usr/bin/cc    -DCHECK_FUNCTION_EXISTS=pthread_create   -o CMakeFiles/cmTC_c93b6.dir/CheckFunctionExists.c.o   -c /usr/share/cmake-3.7/Modules/CheckFunctionExists.c
Linking C executable cmTC_c93b6
/usr/bin/cmake -E cmake_link_script CMakeFiles/cmTC_c93b6.dir/link.txt --verbose=1
/usr/bin/cc   -DCHECK_FUNCTION_EXISTS=pthread_create    CMakeFiles/cmTC_c93b6.dir/CheckFunctionExists.c.o  -o cmTC_c93b6 -rdynamic -lpthreads 
/usr/bin/ld: cannot find -lpthreads
collect2: error: ld returned 1 exit status
CMakeFiles/cmTC_c93b6.dir/build.make:97: recipe for target 'cmTC_c93b6' failed
make[1]: *** [cmTC_c93b6] Error 1
make[1]: Leaving directory '/home/pi/catkin_ws_1/build_isolated/rosserial_chibios/CMakeFiles/CMakeTmp'
Makefile:126: recipe for target 'cmTC_c93b6/fast' failed
make: *** [cmTC_c93b6/fast] Error 2


