Determining if the pthread_create exist failed with the following output:
Change Dir: /home/pi/catkin_ws_1/build_isolated/rosserial_embeddedlinux/CMakeFiles/CMakeTmp

Run Build Command:"/usr/bin/make" "cmTC_497cc/fast"
/usr/bin/make -f CMakeFiles/cmTC_497cc.dir/build.make CMakeFiles/cmTC_497cc.dir/build
make[1]: Entering directory '/home/pi/catkin_ws_1/build_isolated/rosserial_embeddedlinux/CMakeFiles/CMakeTmp'
Building C object CMakeFiles/cmTC_497cc.dir/CheckSymbolExists.c.o
/usr/bin/cc     -o CMakeFiles/cmTC_497cc.dir/CheckSymbolExists.c.o   -c /home/pi/catkin_ws_1/build_isolated/rosserial_embeddedlinux/CMakeFiles/CMakeTmp/CheckSymbolExists.c
Linking C executable cmTC_497cc
/usr/bin/cmake -E cmake_link_script CMakeFiles/cmTC_497cc.dir/link.txt --verbose=1
/usr/bin/cc       CMakeFiles/cmTC_497cc.dir/CheckSymbolExists.c.o  -o cmTC_497cc -rdynamic 
CMakeFiles/cmTC_497cc.dir/CheckSymbolExists.c.o: In function `main':
CheckSymbolExists.c:(.text+0x38): undefined reference to `pthread_create'
collect2: error: ld returned 1 exit status
CMakeFiles/cmTC_497cc.dir/build.make:97: recipe for target 'cmTC_497cc' failed
make[1]: *** [cmTC_497cc] Error 1
make[1]: Leaving directory '/home/pi/catkin_ws_1/build_isolated/rosserial_embeddedlinux/CMakeFiles/CMakeTmp'
Makefile:126: recipe for target 'cmTC_497cc/fast' failed
make: *** [cmTC_497cc/fast] Error 2

File /home/pi/catkin_ws_1/build_isolated/rosserial_embeddedlinux/CMakeFiles/CMakeTmp/CheckSymbolExists.c:
/* */
#include <pthread.h>

int main(int argc, char** argv)
{
  (void)argv;
#ifndef pthread_create
  return ((int*)(&pthread_create))[argc];
#else
  (void)argc;
  return 0;
#endif
}

Determining if the function pthread_create exists in the pthreads failed with the following output:
Change Dir: /home/pi/catkin_ws_1/build_isolated/rosserial_embeddedlinux/CMakeFiles/CMakeTmp

Run Build Command:"/usr/bin/make" "cmTC_af55f/fast"
/usr/bin/make -f CMakeFiles/cmTC_af55f.dir/build.make CMakeFiles/cmTC_af55f.dir/build
make[1]: Entering directory '/home/pi/catkin_ws_1/build_isolated/rosserial_embeddedlinux/CMakeFiles/CMakeTmp'
Building C object CMakeFiles/cmTC_af55f.dir/CheckFunctionExists.c.o
/usr/bin/cc    -DCHECK_FUNCTION_EXISTS=pthread_create   -o CMakeFiles/cmTC_af55f.dir/CheckFunctionExists.c.o   -c /usr/share/cmake-3.7/Modules/CheckFunctionExists.c
Linking C executable cmTC_af55f
/usr/bin/cmake -E cmake_link_script CMakeFiles/cmTC_af55f.dir/link.txt --verbose=1
/usr/bin/cc   -DCHECK_FUNCTION_EXISTS=pthread_create    CMakeFiles/cmTC_af55f.dir/CheckFunctionExists.c.o  -o cmTC_af55f -rdynamic -lpthreads 
/usr/bin/ld: cannot find -lpthreads
collect2: error: ld returned 1 exit status
CMakeFiles/cmTC_af55f.dir/build.make:97: recipe for target 'cmTC_af55f' failed
make[1]: *** [cmTC_af55f] Error 1
make[1]: Leaving directory '/home/pi/catkin_ws_1/build_isolated/rosserial_embeddedlinux/CMakeFiles/CMakeTmp'
Makefile:126: recipe for target 'cmTC_af55f/fast' failed
make: *** [cmTC_af55f/fast] Error 2


