Determining if the pthread_create exist failed with the following output:
Change Dir: /home/pi/catkin_ws_1/build_isolated/rosserial_python/CMakeFiles/CMakeTmp

Run Build Command:"/usr/bin/make" "cmTC_3d200/fast"
/usr/bin/make -f CMakeFiles/cmTC_3d200.dir/build.make CMakeFiles/cmTC_3d200.dir/build
make[1]: Entering directory '/home/pi/catkin_ws_1/build_isolated/rosserial_python/CMakeFiles/CMakeTmp'
Building C object CMakeFiles/cmTC_3d200.dir/CheckSymbolExists.c.o
/usr/bin/cc     -o CMakeFiles/cmTC_3d200.dir/CheckSymbolExists.c.o   -c /home/pi/catkin_ws_1/build_isolated/rosserial_python/CMakeFiles/CMakeTmp/CheckSymbolExists.c
Linking C executable cmTC_3d200
/usr/bin/cmake -E cmake_link_script CMakeFiles/cmTC_3d200.dir/link.txt --verbose=1
/usr/bin/cc       CMakeFiles/cmTC_3d200.dir/CheckSymbolExists.c.o  -o cmTC_3d200 -rdynamic 
CMakeFiles/cmTC_3d200.dir/CheckSymbolExists.c.o: In function `main':
CheckSymbolExists.c:(.text+0x38): undefined reference to `pthread_create'
collect2: error: ld returned 1 exit status
CMakeFiles/cmTC_3d200.dir/build.make:97: recipe for target 'cmTC_3d200' failed
make[1]: *** [cmTC_3d200] Error 1
make[1]: Leaving directory '/home/pi/catkin_ws_1/build_isolated/rosserial_python/CMakeFiles/CMakeTmp'
Makefile:126: recipe for target 'cmTC_3d200/fast' failed
make: *** [cmTC_3d200/fast] Error 2

File /home/pi/catkin_ws_1/build_isolated/rosserial_python/CMakeFiles/CMakeTmp/CheckSymbolExists.c:
/* */
#include <pthread.h>

int main(int argc, char** argv)
{
  (void)argv;
#ifndef pthread_create
  return ((int*)(&pthread_create))[argc];
#else
  (void)argc;
  return 0;
#endif
}

Determining if the function pthread_create exists in the pthreads failed with the following output:
Change Dir: /home/pi/catkin_ws_1/build_isolated/rosserial_python/CMakeFiles/CMakeTmp

Run Build Command:"/usr/bin/make" "cmTC_ca381/fast"
/usr/bin/make -f CMakeFiles/cmTC_ca381.dir/build.make CMakeFiles/cmTC_ca381.dir/build
make[1]: Entering directory '/home/pi/catkin_ws_1/build_isolated/rosserial_python/CMakeFiles/CMakeTmp'
Building C object CMakeFiles/cmTC_ca381.dir/CheckFunctionExists.c.o
/usr/bin/cc    -DCHECK_FUNCTION_EXISTS=pthread_create   -o CMakeFiles/cmTC_ca381.dir/CheckFunctionExists.c.o   -c /usr/share/cmake-3.7/Modules/CheckFunctionExists.c
Linking C executable cmTC_ca381
/usr/bin/cmake -E cmake_link_script CMakeFiles/cmTC_ca381.dir/link.txt --verbose=1
/usr/bin/cc   -DCHECK_FUNCTION_EXISTS=pthread_create    CMakeFiles/cmTC_ca381.dir/CheckFunctionExists.c.o  -o cmTC_ca381 -rdynamic -lpthreads 
/usr/bin/ld: cannot find -lpthreads
collect2: error: ld returned 1 exit status
CMakeFiles/cmTC_ca381.dir/build.make:97: recipe for target 'cmTC_ca381' failed
make[1]: *** [cmTC_ca381] Error 1
make[1]: Leaving directory '/home/pi/catkin_ws_1/build_isolated/rosserial_python/CMakeFiles/CMakeTmp'
Makefile:126: recipe for target 'cmTC_ca381/fast' failed
make: *** [cmTC_ca381/fast] Error 2


