Determining if the pthread_create exist failed with the following output:
Change Dir: /home/pi/catkin_ws_1/build_isolated/map_server/CMakeFiles/CMakeTmp

Run Build Command:"/usr/bin/make" "cmTC_082f6/fast"
/usr/bin/make -f CMakeFiles/cmTC_082f6.dir/build.make CMakeFiles/cmTC_082f6.dir/build
make[1]: Entering directory '/home/pi/catkin_ws_1/build_isolated/map_server/CMakeFiles/CMakeTmp'
Building C object CMakeFiles/cmTC_082f6.dir/CheckSymbolExists.c.o
/usr/bin/cc     -o CMakeFiles/cmTC_082f6.dir/CheckSymbolExists.c.o   -c /home/pi/catkin_ws_1/build_isolated/map_server/CMakeFiles/CMakeTmp/CheckSymbolExists.c
Linking C executable cmTC_082f6
/usr/bin/cmake -E cmake_link_script CMakeFiles/cmTC_082f6.dir/link.txt --verbose=1
/usr/bin/cc       CMakeFiles/cmTC_082f6.dir/CheckSymbolExists.c.o  -o cmTC_082f6 -rdynamic 
CMakeFiles/cmTC_082f6.dir/CheckSymbolExists.c.o: In function `main':
CheckSymbolExists.c:(.text+0x38): undefined reference to `pthread_create'
collect2: error: ld returned 1 exit status
CMakeFiles/cmTC_082f6.dir/build.make:97: recipe for target 'cmTC_082f6' failed
make[1]: *** [cmTC_082f6] Error 1
make[1]: Leaving directory '/home/pi/catkin_ws_1/build_isolated/map_server/CMakeFiles/CMakeTmp'
Makefile:126: recipe for target 'cmTC_082f6/fast' failed
make: *** [cmTC_082f6/fast] Error 2

File /home/pi/catkin_ws_1/build_isolated/map_server/CMakeFiles/CMakeTmp/CheckSymbolExists.c:
/* */
#include <pthread.h>

int main(int argc, char** argv)
{
  (void)argv;
#ifndef pthread_create
  return ((int*)(&pthread_create))[argc];
#else
  (void)argc;
  return 0;
#endif
}

Determining if the function pthread_create exists in the pthreads failed with the following output:
Change Dir: /home/pi/catkin_ws_1/build_isolated/map_server/CMakeFiles/CMakeTmp

Run Build Command:"/usr/bin/make" "cmTC_b894a/fast"
/usr/bin/make -f CMakeFiles/cmTC_b894a.dir/build.make CMakeFiles/cmTC_b894a.dir/build
make[1]: Entering directory '/home/pi/catkin_ws_1/build_isolated/map_server/CMakeFiles/CMakeTmp'
Building C object CMakeFiles/cmTC_b894a.dir/CheckFunctionExists.c.o
/usr/bin/cc    -DCHECK_FUNCTION_EXISTS=pthread_create   -o CMakeFiles/cmTC_b894a.dir/CheckFunctionExists.c.o   -c /usr/share/cmake-3.7/Modules/CheckFunctionExists.c
Linking C executable cmTC_b894a
/usr/bin/cmake -E cmake_link_script CMakeFiles/cmTC_b894a.dir/link.txt --verbose=1
/usr/bin/cc   -DCHECK_FUNCTION_EXISTS=pthread_create    CMakeFiles/cmTC_b894a.dir/CheckFunctionExists.c.o  -o cmTC_b894a -rdynamic -lpthreads 
/usr/bin/ld: cannot find -lpthreads
collect2: error: ld returned 1 exit status
CMakeFiles/cmTC_b894a.dir/build.make:97: recipe for target 'cmTC_b894a' failed
make[1]: *** [cmTC_b894a] Error 1
make[1]: Leaving directory '/home/pi/catkin_ws_1/build_isolated/map_server/CMakeFiles/CMakeTmp'
Makefile:126: recipe for target 'cmTC_b894a/fast' failed
make: *** [cmTC_b894a/fast] Error 2


