Determining if the pthread_create exist failed with the following output:
Change Dir: /home/pi/catkin_ws_1/build_isolated/rosgraph/CMakeFiles/CMakeTmp

Run Build Command:"/usr/bin/make" "cmTC_e02be/fast"
/usr/bin/make -f CMakeFiles/cmTC_e02be.dir/build.make CMakeFiles/cmTC_e02be.dir/build
make[1]: Entering directory '/home/pi/catkin_ws_1/build_isolated/rosgraph/CMakeFiles/CMakeTmp'
Building C object CMakeFiles/cmTC_e02be.dir/CheckSymbolExists.c.o
/usr/bin/cc     -o CMakeFiles/cmTC_e02be.dir/CheckSymbolExists.c.o   -c /home/pi/catkin_ws_1/build_isolated/rosgraph/CMakeFiles/CMakeTmp/CheckSymbolExists.c
Linking C executable cmTC_e02be
/usr/bin/cmake -E cmake_link_script CMakeFiles/cmTC_e02be.dir/link.txt --verbose=1
/usr/bin/cc       CMakeFiles/cmTC_e02be.dir/CheckSymbolExists.c.o  -o cmTC_e02be -rdynamic 
CMakeFiles/cmTC_e02be.dir/CheckSymbolExists.c.o: In function `main':
CheckSymbolExists.c:(.text+0x38): undefined reference to `pthread_create'
collect2: error: ld returned 1 exit status
CMakeFiles/cmTC_e02be.dir/build.make:97: recipe for target 'cmTC_e02be' failed
make[1]: *** [cmTC_e02be] Error 1
make[1]: Leaving directory '/home/pi/catkin_ws_1/build_isolated/rosgraph/CMakeFiles/CMakeTmp'
Makefile:126: recipe for target 'cmTC_e02be/fast' failed
make: *** [cmTC_e02be/fast] Error 2

File /home/pi/catkin_ws_1/build_isolated/rosgraph/CMakeFiles/CMakeTmp/CheckSymbolExists.c:
/* */
#include <pthread.h>

int main(int argc, char** argv)
{
  (void)argv;
#ifndef pthread_create
  return ((int*)(&pthread_create))[argc];
#else
  (void)argc;
  return 0;
#endif
}

Determining if the function pthread_create exists in the pthreads failed with the following output:
Change Dir: /home/pi/catkin_ws_1/build_isolated/rosgraph/CMakeFiles/CMakeTmp

Run Build Command:"/usr/bin/make" "cmTC_5c28c/fast"
/usr/bin/make -f CMakeFiles/cmTC_5c28c.dir/build.make CMakeFiles/cmTC_5c28c.dir/build
make[1]: Entering directory '/home/pi/catkin_ws_1/build_isolated/rosgraph/CMakeFiles/CMakeTmp'
Building C object CMakeFiles/cmTC_5c28c.dir/CheckFunctionExists.c.o
/usr/bin/cc    -DCHECK_FUNCTION_EXISTS=pthread_create   -o CMakeFiles/cmTC_5c28c.dir/CheckFunctionExists.c.o   -c /usr/share/cmake-3.7/Modules/CheckFunctionExists.c
Linking C executable cmTC_5c28c
/usr/bin/cmake -E cmake_link_script CMakeFiles/cmTC_5c28c.dir/link.txt --verbose=1
/usr/bin/cc   -DCHECK_FUNCTION_EXISTS=pthread_create    CMakeFiles/cmTC_5c28c.dir/CheckFunctionExists.c.o  -o cmTC_5c28c -rdynamic -lpthreads 
/usr/bin/ld: cannot find -lpthreads
collect2: error: ld returned 1 exit status
CMakeFiles/cmTC_5c28c.dir/build.make:97: recipe for target 'cmTC_5c28c' failed
make[1]: *** [cmTC_5c28c] Error 1
make[1]: Leaving directory '/home/pi/catkin_ws_1/build_isolated/rosgraph/CMakeFiles/CMakeTmp'
Makefile:126: recipe for target 'cmTC_5c28c/fast' failed
make: *** [cmTC_5c28c/fast] Error 2


