Determining if the pthread_create exist failed with the following output:
Change Dir: /home/pi/catkin_ws_1/build_isolated/rosserial/CMakeFiles/CMakeTmp

Run Build Command:"/usr/bin/make" "cmTC_9d0c5/fast"
/usr/bin/make -f CMakeFiles/cmTC_9d0c5.dir/build.make CMakeFiles/cmTC_9d0c5.dir/build
make[1]: Entering directory '/home/pi/catkin_ws_1/build_isolated/rosserial/CMakeFiles/CMakeTmp'
Building C object CMakeFiles/cmTC_9d0c5.dir/CheckSymbolExists.c.o
/usr/bin/cc     -o CMakeFiles/cmTC_9d0c5.dir/CheckSymbolExists.c.o   -c /home/pi/catkin_ws_1/build_isolated/rosserial/CMakeFiles/CMakeTmp/CheckSymbolExists.c
Linking C executable cmTC_9d0c5
/usr/bin/cmake -E cmake_link_script CMakeFiles/cmTC_9d0c5.dir/link.txt --verbose=1
/usr/bin/cc       CMakeFiles/cmTC_9d0c5.dir/CheckSymbolExists.c.o  -o cmTC_9d0c5 -rdynamic 
CMakeFiles/cmTC_9d0c5.dir/CheckSymbolExists.c.o: In function `main':
CheckSymbolExists.c:(.text+0x38): undefined reference to `pthread_create'
collect2: error: ld returned 1 exit status
CMakeFiles/cmTC_9d0c5.dir/build.make:97: recipe for target 'cmTC_9d0c5' failed
make[1]: *** [cmTC_9d0c5] Error 1
make[1]: Leaving directory '/home/pi/catkin_ws_1/build_isolated/rosserial/CMakeFiles/CMakeTmp'
Makefile:126: recipe for target 'cmTC_9d0c5/fast' failed
make: *** [cmTC_9d0c5/fast] Error 2

File /home/pi/catkin_ws_1/build_isolated/rosserial/CMakeFiles/CMakeTmp/CheckSymbolExists.c:
/* */
#include <pthread.h>

int main(int argc, char** argv)
{
  (void)argv;
#ifndef pthread_create
  return ((int*)(&pthread_create))[argc];
#else
  (void)argc;
  return 0;
#endif
}

Determining if the function pthread_create exists in the pthreads failed with the following output:
Change Dir: /home/pi/catkin_ws_1/build_isolated/rosserial/CMakeFiles/CMakeTmp

Run Build Command:"/usr/bin/make" "cmTC_3e74c/fast"
/usr/bin/make -f CMakeFiles/cmTC_3e74c.dir/build.make CMakeFiles/cmTC_3e74c.dir/build
make[1]: Entering directory '/home/pi/catkin_ws_1/build_isolated/rosserial/CMakeFiles/CMakeTmp'
Building C object CMakeFiles/cmTC_3e74c.dir/CheckFunctionExists.c.o
/usr/bin/cc    -DCHECK_FUNCTION_EXISTS=pthread_create   -o CMakeFiles/cmTC_3e74c.dir/CheckFunctionExists.c.o   -c /usr/share/cmake-3.7/Modules/CheckFunctionExists.c
Linking C executable cmTC_3e74c
/usr/bin/cmake -E cmake_link_script CMakeFiles/cmTC_3e74c.dir/link.txt --verbose=1
/usr/bin/cc   -DCHECK_FUNCTION_EXISTS=pthread_create    CMakeFiles/cmTC_3e74c.dir/CheckFunctionExists.c.o  -o cmTC_3e74c -rdynamic -lpthreads 
/usr/bin/ld: cannot find -lpthreads
collect2: error: ld returned 1 exit status
CMakeFiles/cmTC_3e74c.dir/build.make:97: recipe for target 'cmTC_3e74c' failed
make[1]: *** [cmTC_3e74c] Error 1
make[1]: Leaving directory '/home/pi/catkin_ws_1/build_isolated/rosserial/CMakeFiles/CMakeTmp'
Makefile:126: recipe for target 'cmTC_3e74c/fast' failed
make: *** [cmTC_3e74c/fast] Error 2


